[debug] [2022-04-19T17:44:35.763Z] ----------------------------------------------------------------------
[debug] [2022-04-19T17:44:35.765Z] Command:       /usr/local/bin/node /usr/local/bin/firebase init
[debug] [2022-04-19T17:44:35.765Z] CLI Version:   10.5.0
[debug] [2022-04-19T17:44:35.765Z] Platform:      darwin
[debug] [2022-04-19T17:44:35.765Z] Node Version:  v14.17.1
[debug] [2022-04-19T17:44:35.766Z] Time:          Tue Apr 19 2022 10:44:35 GMT-0700 (Pacific Daylight Time)
[debug] [2022-04-19T17:44:35.767Z] ----------------------------------------------------------------------
[debug] 
[debug] [2022-04-19T17:44:35.769Z] >>> [apiv2][query] GET https://firebase-public.firebaseio.com/cli.json [none]
[debug] [2022-04-19T17:44:35.787Z] > command requires scopes: ["email","openid","https://www.googleapis.com/auth/cloudplatformprojects.readonly","https://www.googleapis.com/auth/firebase","https://www.googleapis.com/auth/cloud-platform"]
[debug] [2022-04-19T17:44:35.787Z] > authorizing via signed-in user (yves.faems@gmail.com)
[info] 
     ######## #### ########  ######## ########     ###     ######  ########
     ##        ##  ##     ## ##       ##     ##  ##   ##  ##       ##
     ######    ##  ########  ######   ########  #########  ######  ######
     ##        ##  ##    ##  ##       ##     ## ##     ##       ## ##
     ##       #### ##     ## ######## ########  ##     ##  ######  ########

You're about to initialize a Firebase project in this directory:

  /Users/yvesfaems/Desktop/coding/eigen projecten/react/gmailclone

[debug] [2022-04-19T17:44:36.142Z] <<< [apiv2][status] GET https://firebase-public.firebaseio.com/cli.json 200
[debug] [2022-04-19T17:44:36.142Z] <<< [apiv2][body] GET https://firebase-public.firebaseio.com/cli.json {"cloudBuildErrorAfter":1594252800000,"cloudBuildWarnAfter":1590019200000,"defaultNode10After":1594252800000,"minVersion":"3.0.5","node8DeploysDisabledAfter":1613390400000,"node8RuntimeDisabledAfter":1615809600000,"node8WarnAfter":1600128000000}
